Using pre-set license
Built from '2021.3/staging' branch; Version is '2021.3.25f1 (68ef2c4f8861) revision 6876972'; Using compiler version '192829333'; Build Type 'Release'
OS: 'Windows 11  (10.0.22621) 64bit Core' Language: 'en' Physical Memory: 32471 MB
BatchMode: 1, IsHumanControllingUs: 0, StartBugReporterOnCrash: 0, Is64bit: 1, IsPro: 1

COMMAND LINE ARGUMENTS:
C:\Program Files\Unity\Hub\Editor\2021.3.25f1\Editor\Unity.exe
-adb2
-batchMode
-noUpm
-name
AssetImportWorker2
-projectPath
C:/Users/Plasm/Documents/GFRC_2023/Wheel Colliders
-logFile
Logs/AssetImportWorker2.log
-srvPort
50246
Successfully changed project path to: C:/Users/Plasm/Documents/GFRC_2023/Wheel Colliders
C:/Users/Plasm/Documents/GFRC_2023/Wheel Colliders
[UnityMemory] Configuration Parameters - Can be set up in boot.config
    "memorysetup-bucket-allocator-granularity=16"
    "memorysetup-bucket-allocator-bucket-count=8"
    "memorysetup-bucket-allocator-block-size=33554432"
    "memorysetup-bucket-allocator-block-count=8"
    "memorysetup-main-allocator-block-size=16777216"
    "memorysetup-thread-allocator-block-size=16777216"
    "memorysetup-gfx-main-allocator-block-size=16777216"
    "memorysetup-gfx-thread-allocator-block-size=16777216"
    "memorysetup-cache-allocator-block-size=4194304"
    "memorysetup-typetree-allocator-block-size=2097152"
    "memorysetup-profiler-bucket-allocator-granularity=16"
    "memorysetup-profiler-bucket-allocator-bucket-count=8"
    "memorysetup-profiler-bucket-allocator-block-size=33554432"
    "memorysetup-profiler-bucket-allocator-block-count=8"
    "memorysetup-profiler-allocator-block-size=16777216"
    "memorysetup-profiler-editor-allocator-block-size=1048576"
    "memorysetup-temp-allocator-size-main=16777216"
    "memorysetup-job-temp-allocator-block-size=2097152"
    "memorysetup-job-temp-allocator-block-size-background=1048576"
    "memorysetup-job-temp-allocator-reduction-small-platforms=262144"
    "memorysetup-temp-allocator-size-background-worker=32768"
    "memorysetup-temp-allocator-size-job-worker=262144"
    "memorysetup-temp-allocator-size-preload-manager=33554432"
    "memorysetup-temp-allocator-size-nav-mesh-worker=65536"
    "memorysetup-temp-allocator-size-audio-worker=65536"
    "memorysetup-temp-allocator-size-cloud-worker=32768"
    "memorysetup-temp-allocator-size-gi-baking-worker=262144"
    "memorysetup-temp-allocator-size-gfx=262144"
Player connection [6240] Host "[IP] 10.255.162.29 [Port] 0 [Flags] 2 [Guid] 201211246 [EditorId] 201211246 [Version] 1048832 [Id] WindowsEditor(7,MSI) [Debug] 1 [PackageName] WindowsEditor [ProjectName] Editor" joined multi-casting on [225.0.0.222:54997]...

Player connection [6240] Host "[IP] 10.255.162.29 [Port] 0 [Flags] 2 [Guid] 201211246 [EditorId] 201211246 [Version] 1048832 [Id] WindowsEditor(7,MSI) [Debug] 1 [PackageName] WindowsEditor [ProjectName] Editor" joined alternative multi-casting on [225.0.0.222:34997]...

Refreshing native plugins compatible for Editor in 190.90 ms, found 3 plugins.
Preloading 0 native plugins for Editor in 0.00 ms.
Initialize engine version: 2021.3.25f1 (68ef2c4f8861)
[Subsystems] Discovering subsystems at path C:/Program Files/Unity/Hub/Editor/2021.3.25f1/Editor/Data/Resources/UnitySubsystems
[Subsystems] Discovering subsystems at path C:/Users/Plasm/Documents/GFRC_2023/Wheel Colliders/Assets
GfxDevice: creating device client; threaded=0; jobified=0
Direct3D:
    Version:  Direct3D 11.0 [level 11.1]
    Renderer: NVIDIA GeForce RTX 4060 Laptop GPU (ID=0x28a0)
    Vendor:   NVIDIA
    VRAM:     7971 MB
    Driver:   31.0.15.2892
Initialize mono
Mono path[0] = 'C:/Program Files/Unity/Hub/Editor/2021.3.25f1/Editor/Data/Managed'
Mono path[1] = 'C:/Program Files/Unity/Hub/Editor/2021.3.25f1/Editor/Data/MonoBleedingEdge/lib/mono/unityjit-win32'
Mono config path = 'C:/Program Files/Unity/Hub/Editor/2021.3.25f1/Editor/Data/MonoBleedingEdge/etc'
Using monoOptions --debugger-agent=transport=dt_socket,embedding=1,server=y,suspend=n,address=127.0.0.1:56284
Begin MonoManager ReloadAssembly
Registering precompiled unity dll's ...
Register platform support module: C:/Program Files/Unity/Hub/Editor/2021.3.25f1/Editor/Data/PlaybackEngines/WebGLSupport/UnityEditor.WebGL.Extensions.dll
Register platform support module: C:/Program Files/Unity/Hub/Editor/2021.3.25f1/Editor/Data/PlaybackEngines/WindowsStandaloneSupport/UnityEditor.WindowsStandalone.Extensions.dll
Register platform support module: C:/Program Files/Unity/Hub/Editor/2021.3.25f1/Editor/Data/PlaybackEngines/MetroSupport/UnityEditor.UWP.Extensions.dll
Registered in 0.015865 seconds.
Native extension for UWP target not found
Native extension for WindowsStandalone target not found
Native extension for WebGL target not found
Refreshing native plugins compatible for Editor in 162.81 ms, found 3 plugins.
Preloading 0 native plugins for Editor in 0.00 ms.
Mono: successfully reloaded assembly
- Completed reload, in  1.484 seconds
Domain Reload Profiling:
	ReloadAssembly (1485ms)
		BeginReloadAssembly (194ms)
			ExecutionOrderSort (0ms)
			DisableScriptedObjects (0ms)
			BackupInstance (0ms)
			ReleaseScriptingObjects (0ms)
			CreateAndSetChildDomain (1ms)
		EndReloadAssembly (1059ms)
			LoadAssemblies (190ms)
			RebuildTransferFunctionScriptingTraits (0ms)
			SetupTypeCache (220ms)
			ReleaseScriptCaches (0ms)
			RebuildScriptCaches (78ms)
			SetupLoadedEditorAssemblies (642ms)
				LogAssemblyErrors (0ms)
				InitializePlatformSupportModulesInManaged (25ms)
				SetLoadedEditorAssemblies (0ms)
				RefreshPlugins (163ms)
				BeforeProcessingInitializeOnLoad (2ms)
				ProcessInitializeOnLoadAttributes (354ms)
				ProcessInitializeOnLoadMethodAttributes (98ms)
				AfterProcessingInitializeOnLoad (0ms)
				EditorAssembliesLoaded (0ms)
			ExecutionOrderSort2 (0ms)
			AwakeInstancesAfterBackupRestoration (0ms)
Platform modules already initialized, skipping
Registering precompiled user dll's ...
Registered in 0.014708 seconds.
Begin MonoManager ReloadAssembly
Symbol file LoadedFromMemory doesn't match image C:\Users\Plasm\Documents\GFRC_2023\Wheel Colliders\Library\PackageCache\com.unity.visualscripting@1.8.0\Editor\VisualScripting.Core\Dependencies\YamlDotNet\Unity.VisualScripting.YamlDotNet.dll
Symbol file LoadedFromMemory doesn't match image C:\Users\Plasm\Documents\GFRC_2023\Wheel Colliders\Library\PackageCache\com.unity.visualscripting@1.8.0\Editor\VisualScripting.Core\Dependencies\DotNetZip\Unity.VisualScripting.IonicZip.dll
Native extension for UWP target not found
Native extension for WindowsStandalone target not found
Native extension for WebGL target not found
Refreshing native plugins compatible for Editor in 0.59 ms, found 3 plugins.
Preloading 0 native plugins for Editor in 0.00 ms.
Mono: successfully reloaded assembly
- Completed reload, in  1.873 seconds
Domain Reload Profiling:
	ReloadAssembly (1874ms)
		BeginReloadAssembly (199ms)
			ExecutionOrderSort (0ms)
			DisableScriptedObjects (9ms)
			BackupInstance (0ms)
			ReleaseScriptingObjects (0ms)
			CreateAndSetChildDomain (29ms)
		EndReloadAssembly (1501ms)
			LoadAssemblies (140ms)
			RebuildTransferFunctionScriptingTraits (0ms)
			SetupTypeCache (447ms)
			ReleaseScriptCaches (1ms)
			RebuildScriptCaches (85ms)
			SetupLoadedEditorAssemblies (785ms)
				LogAssemblyErrors (0ms)
				InitializePlatformSupportModulesInManaged (13ms)
				SetLoadedEditorAssemblies (1ms)
				RefreshPlugins (1ms)
				BeforeProcessingInitializeOnLoad (124ms)
				ProcessInitializeOnLoadAttributes (600ms)
				ProcessInitializeOnLoadMethodAttributes (35ms)
				AfterProcessingInitializeOnLoad (12ms)
				EditorAssembliesLoaded (0ms)
			ExecutionOrderSort2 (0ms)
			AwakeInstancesAfterBackupRestoration (13ms)
Platform modules already initialized, skipping
========================================================================
Worker process is ready to serve import requests
Launched and connected shader compiler UnityShaderCompiler.exe after 0.04 seconds
Refreshing native plugins compatible for Editor in 1.70 ms, found 3 plugins.
Preloading 0 native plugins for Editor in 0.00 ms.
Unloading 3217 Unused Serialized files (Serialized files now loaded: 0)
Unloading 37 unused Assets / (184.1 KB). Loaded Objects now: 3676.
Memory consumption went from 113.8 MB to 113.7 MB.
Total: 9.535900 ms (FindLiveObjects: 0.425000 ms CreateObjectMapping: 0.272500 ms MarkObjects: 8.585100 ms  DeleteObjects: 0.250600 ms)

AssetImportParameters requested are different than current active one (requested -> active):
  custom:video-decoder-ogg-theora: a1e56fd34408186e4bbccfd4996cb3dc -> 
  custom:container-muxer-webm: aa71ff27fc2769a1b78a27578f13a17b -> 
  custom:container-demuxer-webm: 4f35f7cbe854078d1ac9338744f61a02 -> 
  custom:video-encoder-webm-vp8: eb34c28f22e8b96e1ab97ce403110664 -> 
  custom:video-codec-MediaFoundation-h265: 746d11721c4dcdbdad8f713fa42b33f4 -> 
  custom:audio-encoder-webm-vorbis: bf7c407c2cedff20999df2af8eb42d56 -> 
  custom:framework-win-MediaFoundation: 216162199b28c13a410421893ffa2e32 -> 
  custom:container-demuxer-ogg: 62fdf1f143b41e24485cea50d1cbac27 -> 
  custom:video-decoder-webm-vp8: 9c59270c3fd7afecdb556c50c9e8de78 -> 
  custom:audio-decoder-ogg-vorbis: bf7c407c2cedff20999df2af8eb42d56 -> 
========================================================================
Received Import Request.
  Time since last request: 76121.928660 seconds.
  path: Assets/Cube.fbx
  artifactKey: Guid(7376be9d81b6ac7438cdc387a48c4835) Importer(815301076,1909f56bfc062723c751e8b465ee728b)
Start importing Assets/Cube.fbx using Guid(7376be9d81b6ac7438cdc387a48c4835) Importer(815301076,1909f56bfc062723c751e8b465ee728b)  -> (artifact id: '5affc4da5cad3eda041c6bd20321cd06') in 0.322313 seconds 
========================================================================
Received Import Request.
  Time since last request: 0.000033 seconds.
  path: Assets/New Material 1.mat
  artifactKey: Guid(aacc4f17c9cacc445ada3c93b13aa599) Importer(815301076,1909f56bfc062723c751e8b465ee728b)
Start importing Assets/New Material 1.mat using Guid(aacc4f17c9cacc445ada3c93b13aa599) Importer(815301076,1909f56bfc062723c751e8b465ee728b)  -> (artifact id: '9e999e4a5dc1d739986ddf3a2688ae37') in 0.110227 seconds 
========================================================================
Received Import Request.
  Time since last request: 0.006636 seconds.
  path: Assets/Cone Variant.prefab
  artifactKey: Guid(b6f4f805473196d48876522a3be5f233) Importer(815301076,1909f56bfc062723c751e8b465ee728b)
Start importing Assets/Cone Variant.prefab using Guid(b6f4f805473196d48876522a3be5f233) Importer(815301076,1909f56bfc062723c751e8b465ee728b)  -> (artifact id: 'db459b03f4dc1285532f126211a25426') in 0.092850 seconds 
========================================================================
Received Import Request.
  Time since last request: 0.001912 seconds.
  path: Assets/RobotGrabberArmWIP.fbx
  artifactKey: Guid(b753608e868684c4cbb493ed35c420ef) Importer(815301076,1909f56bfc062723c751e8b465ee728b)
Start importing Assets/RobotGrabberArmWIP.fbx using Guid(b753608e868684c4cbb493ed35c420ef) Importer(815301076,1909f56bfc062723c751e8b465ee728b)  -> (artifact id: '88ae3107ec62b31c2f03b14c571ee456') in 0.367290 seconds 
========================================================================
Received Import Request.
  Time since last request: 0.000036 seconds.
  path: Assets/Robot_NoWheels.prefab
  artifactKey: Guid(6555b54313dffbe489c532b20889697f) Importer(815301076,1909f56bfc062723c751e8b465ee728b)
Start importing Assets/Robot_NoWheels.prefab using Guid(6555b54313dffbe489c532b20889697f) Importer(815301076,1909f56bfc062723c751e8b465ee728b)  -> (artifact id: '6f1fbd96208a2458de41012a96efab8c') in 0.087358 seconds 
========================================================================
Received Import Request.
  Time since last request: 0.000037 seconds.
  path: Assets/New Prefab.prefab
  artifactKey: Guid(65cfe1df53ff7be418d9178008e69e68) Importer(815301076,1909f56bfc062723c751e8b465ee728b)
Start importing Assets/New Prefab.prefab using Guid(65cfe1df53ff7be418d9178008e69e68) Importer(815301076,1909f56bfc062723c751e8b465ee728b)  -> (artifact id: 'dd486e8a0d29a122b4fd16ca84f24ad7') in 0.027133 seconds 
========================================================================
Received Import Request.
  Time since last request: 0.000028 seconds.
  path: Assets/H+Drive.prefab
  artifactKey: Guid(4fca8e18fe781aa4097de31e22a78ff5) Importer(815301076,1909f56bfc062723c751e8b465ee728b)
Start importing Assets/H+Drive.prefab using Guid(4fca8e18fe781aa4097de31e22a78ff5) Importer(815301076,1909f56bfc062723c751e8b465ee728b)  -> (artifact id: '3e2f86d725959895becdefaf32d45b1c') in 0.009103 seconds 
========================================================================
Received Prepare
Registering precompiled user dll's ...
Registered in 0.009476 seconds.
Begin MonoManager ReloadAssembly
IOException: Sharing violation on path C:\Users\Plasm\Documents\GFRC_2023\Wheel Colliders\ProjectSettings\Packages\com.unity.testtools.codecoverage\Settings.json
  at System.IO.FileStream..ctor (System.String path, System.IO.FileMode mode, System.IO.FileAccess access, System.IO.FileShare share, System.Int32 bufferSize, System.Boolean anonymous, System.IO.FileOptions options) [0x0019e] in <a40b0ad4a868437393ad434631fb6ff1>:0 
  at System.IO.FileStream..ctor (System.String path, System.IO.FileMode mode, System.IO.FileAccess access, System.IO.FileShare share, System.Int32 bufferSize, System.IO.FileOptions options) [0x00000] in <a40b0ad4a868437393ad434631fb6ff1>:0 
  at (wrapper remoting-invoke-with-check) System.IO.FileStream..ctor(string,System.IO.FileMode,System.IO.FileAccess,System.IO.FileShare,int,System.IO.FileOptions)
  at System.IO.StreamWriter..ctor (System.String path, System.Boolean append, System.Text.Encoding encoding, System.Int32 bufferSize) [0x00055] in <a40b0ad4a868437393ad434631fb6ff1>:0 
  at System.IO.StreamWriter..ctor (System.String path) [0x00008] in <a40b0ad4a868437393ad434631fb6ff1>:0 
  at (wrapper remoting-invoke-with-check) System.IO.StreamWriter..ctor(string)
  at System.IO.File.WriteAllText (System.String path, System.String contents) [0x00026] in <a40b0ad4a868437393ad434631fb6ff1>:0 
  at UnityEditor.SettingsManagement.PackageSettingsRepository.Save () [0x00070] in C:\Users\Plasm\Documents\GFRC_2023\Wheel Colliders\Library\PackageCache\com.unity.settings-manager@1.0.3\Editor\PackageSettingsRepository.cs:144 
  at UnityEditor.AssemblyReloadEvents.OnBeforeAssemblyReload () [0x00017] in <5092d70d16a64dd9a555dd50f38aead0>:0 

(Filename: Library/PackageCache/com.unity.settings-manager@1.0.3/Editor/PackageSettingsRepository.cs Line: 144)

Symbol file LoadedFromMemory doesn't match image C:\Users\Plasm\Documents\GFRC_2023\Wheel Colliders\Library\PackageCache\com.unity.visualscripting@1.8.0\Editor\VisualScripting.Core\Dependencies\YamlDotNet\Unity.VisualScripting.YamlDotNet.dll
Symbol file LoadedFromMemory doesn't match image C:\Users\Plasm\Documents\GFRC_2023\Wheel Colliders\Library\PackageCache\com.unity.visualscripting@1.8.0\Editor\VisualScripting.Core\Dependencies\DotNetZip\Unity.VisualScripting.IonicZip.dll
Native extension for UWP target not found
Native extension for WindowsStandalone target not found
Native extension for WebGL target not found
Refreshing native plugins compatible for Editor in 1.19 ms, found 3 plugins.
Preloading 0 native plugins for Editor in 0.00 ms.
Mono: successfully reloaded assembly
- Completed reload, in  2.307 seconds
Domain Reload Profiling:
	ReloadAssembly (2308ms)
		BeginReloadAssembly (279ms)
			ExecutionOrderSort (0ms)
			DisableScriptedObjects (9ms)
			BackupInstance (0ms)
			ReleaseScriptingObjects (0ms)
			CreateAndSetChildDomain (62ms)
		EndReloadAssembly (1839ms)
			LoadAssemblies (192ms)
			RebuildTransferFunctionScriptingTraits (0ms)
			SetupTypeCache (586ms)
			ReleaseScriptCaches (2ms)
			RebuildScriptCaches (103ms)
			SetupLoadedEditorAssemblies (861ms)
				LogAssemblyErrors (0ms)
				InitializePlatformSupportModulesInManaged (20ms)
				SetLoadedEditorAssemblies (2ms)
				RefreshPlugins (1ms)
				BeforeProcessingInitializeOnLoad (170ms)
				ProcessInitializeOnLoadAttributes (605ms)
				ProcessInitializeOnLoadMethodAttributes (47ms)
				AfterProcessingInitializeOnLoad (16ms)
				EditorAssembliesLoaded (0ms)
			ExecutionOrderSort2 (0ms)
			AwakeInstancesAfterBackupRestoration (18ms)
Platform modules already initialized, skipping
Refreshing native plugins compatible for Editor in 4.77 ms, found 3 plugins.
Preloading 0 native plugins for Editor in 0.00 ms.
Unloading 3212 Unused Serialized files (Serialized files now loaded: 0)
Unloading 18 unused Assets / (150.4 KB). Loaded Objects now: 3737.
Memory consumption went from 131.2 MB to 131.1 MB.
Total: 5.978500 ms (FindLiveObjects: 0.670100 ms CreateObjectMapping: 0.216000 ms MarkObjects: 4.908000 ms  DeleteObjects: 0.180700 ms)

AssetImportParameters requested are different than current active one (requested -> active):
  custom:video-decoder-ogg-theora: a1e56fd34408186e4bbccfd4996cb3dc -> 
  custom:container-muxer-webm: aa71ff27fc2769a1b78a27578f13a17b -> 
  custom:container-demuxer-webm: 4f35f7cbe854078d1ac9338744f61a02 -> 
  custom:video-encoder-webm-vp8: eb34c28f22e8b96e1ab97ce403110664 -> 
  custom:video-codec-MediaFoundation-h265: 746d11721c4dcdbdad8f713fa42b33f4 -> 
  custom:audio-encoder-webm-vorbis: bf7c407c2cedff20999df2af8eb42d56 -> 
  custom:framework-win-MediaFoundation: 216162199b28c13a410421893ffa2e32 -> 
  custom:container-demuxer-ogg: 62fdf1f143b41e24485cea50d1cbac27 -> 
  custom:video-decoder-webm-vp8: 9c59270c3fd7afecdb556c50c9e8de78 -> 
  custom:audio-decoder-ogg-vorbis: bf7c407c2cedff20999df2af8eb42d56 -> 
========================================================================
Received Prepare
Registering precompiled user dll's ...
Registered in 0.006504 seconds.
Begin MonoManager ReloadAssembly
Symbol file LoadedFromMemory doesn't match image C:\Users\Plasm\Documents\GFRC_2023\Wheel Colliders\Library\PackageCache\com.unity.visualscripting@1.8.0\Editor\VisualScripting.Core\Dependencies\YamlDotNet\Unity.VisualScripting.YamlDotNet.dll
Symbol file LoadedFromMemory doesn't match image C:\Users\Plasm\Documents\GFRC_2023\Wheel Colliders\Library\PackageCache\com.unity.visualscripting@1.8.0\Editor\VisualScripting.Core\Dependencies\DotNetZip\Unity.VisualScripting.IonicZip.dll
Native extension for UWP target not found
Native extension for WindowsStandalone target not found
Native extension for WebGL target not found
Refreshing native plugins compatible for Editor in 0.72 ms, found 3 plugins.
Preloading 0 native plugins for Editor in 0.00 ms.
Mono: successfully reloaded assembly
- Completed reload, in  1.804 seconds
Domain Reload Profiling:
	ReloadAssembly (1805ms)
		BeginReloadAssembly (297ms)
			ExecutionOrderSort (0ms)
			DisableScriptedObjects (10ms)
			BackupInstance (0ms)
			ReleaseScriptingObjects (0ms)
			CreateAndSetChildDomain (74ms)
		EndReloadAssembly (1343ms)
			LoadAssemblies (194ms)
			RebuildTransferFunctionScriptingTraits (0ms)
			SetupTypeCache (401ms)
			ReleaseScriptCaches (2ms)
			RebuildScriptCaches (88ms)
			SetupLoadedEditorAssemblies (629ms)
				LogAssemblyErrors (0ms)
				InitializePlatformSupportModulesInManaged (15ms)
				SetLoadedEditorAssemblies (2ms)
				RefreshPlugins (1ms)
				BeforeProcessingInitializeOnLoad (113ms)
				ProcessInitializeOnLoadAttributes (450ms)
				ProcessInitializeOnLoadMethodAttributes (36ms)
				AfterProcessingInitializeOnLoad (13ms)
				EditorAssembliesLoaded (0ms)
			ExecutionOrderSort2 (0ms)
			AwakeInstancesAfterBackupRestoration (15ms)
Platform modules already initialized, skipping
Refreshing native plugins compatible for Editor in 2.38 ms, found 3 plugins.
Preloading 0 native plugins for Editor in 0.00 ms.
Unloading 3212 Unused Serialized files (Serialized files now loaded: 0)
Unloading 18 unused Assets / (150.5 KB). Loaded Objects now: 3752.
Memory consumption went from 131.2 MB to 131.1 MB.
Total: 4.062700 ms (FindLiveObjects: 0.267200 ms CreateObjectMapping: 0.116100 ms MarkObjects: 3.550000 ms  DeleteObjects: 0.127600 ms)

AssetImportParameters requested are different than current active one (requested -> active):
  custom:video-decoder-ogg-theora: a1e56fd34408186e4bbccfd4996cb3dc -> 
  custom:container-muxer-webm: aa71ff27fc2769a1b78a27578f13a17b -> 
  custom:container-demuxer-webm: 4f35f7cbe854078d1ac9338744f61a02 -> 
  custom:video-encoder-webm-vp8: eb34c28f22e8b96e1ab97ce403110664 -> 
  custom:video-codec-MediaFoundation-h265: 746d11721c4dcdbdad8f713fa42b33f4 -> 
  custom:audio-encoder-webm-vorbis: bf7c407c2cedff20999df2af8eb42d56 -> 
  custom:framework-win-MediaFoundation: 216162199b28c13a410421893ffa2e32 -> 
  custom:container-demuxer-ogg: 62fdf1f143b41e24485cea50d1cbac27 -> 
  custom:video-decoder-webm-vp8: 9c59270c3fd7afecdb556c50c9e8de78 -> 
  custom:audio-decoder-ogg-vorbis: bf7c407c2cedff20999df2af8eb42d56 -> 
========================================================================
Received Import Request.
  Time since last request: 546.856143 seconds.
  path: Assets/New Prefab.prefab
  artifactKey: Guid(65cfe1df53ff7be418d9178008e69e68) Importer(815301076,1909f56bfc062723c751e8b465ee728b)
Start importing Assets/New Prefab.prefab using Guid(65cfe1df53ff7be418d9178008e69e68) Importer(815301076,1909f56bfc062723c751e8b465ee728b)  -> (artifact id: 'c947d8a91ab96b98fa302bdda679690e') in 0.031042 seconds 
========================================================================
Received Import Request.
  Time since last request: 19.887305 seconds.
  path: Assets/New Prefab.prefab
  artifactKey: Guid(65cfe1df53ff7be418d9178008e69e68) Importer(815301076,1909f56bfc062723c751e8b465ee728b)
Start importing Assets/New Prefab.prefab using Guid(65cfe1df53ff7be418d9178008e69e68) Importer(815301076,1909f56bfc062723c751e8b465ee728b)  -> (artifact id: '5bd6b2255f968284235bb300f433f065') in 0.056865 seconds 
========================================================================
Received Import Request.
  Time since last request: 40.420731 seconds.
  path: Assets/Parts-NonPF
  artifactKey: Guid(9c4185f43de1e564bb03a04e9d5e27fa) Importer(815301076,1909f56bfc062723c751e8b465ee728b)
Start importing Assets/Parts-NonPF using Guid(9c4185f43de1e564bb03a04e9d5e27fa) Importer(815301076,1909f56bfc062723c751e8b465ee728b)  -> (artifact id: 'd14d787112ab2ae6f5ca24f320a4e06f') in 0.002126 seconds 
========================================================================
Received Import Request.
  Time since last request: 0.093821 seconds.
  path: Assets/Parts-NonPF/Arm Chasis Filler.blend
  artifactKey: Guid(08e9fb861d2462142826192157e91cd2) Importer(815301076,1909f56bfc062723c751e8b465ee728b)
Start importing Assets/Parts-NonPF/Arm Chasis Filler.blend using Guid(08e9fb861d2462142826192157e91cd2) Importer(815301076,1909f56bfc062723c751e8b465ee728b)  -> (artifact id: '86d5a2a4fcafaf345d245351233eee11') in 0.043185 seconds 
========================================================================
Received Import Request.
  Time since last request: 0.038164 seconds.
  path: Assets/Parts-NonPF/Cone.fbx
  artifactKey: Guid(78a7bd3868f6ab24aa57d8b84cf67c1f) Importer(815301076,1909f56bfc062723c751e8b465ee728b)
Start importing Assets/Parts-NonPF/Cone.fbx using Guid(78a7bd3868f6ab24aa57d8b84cf67c1f) Importer(815301076,1909f56bfc062723c751e8b465ee728b)  -> (artifact id: '611e65fe512121ca8ecd19b2552e8bf3') in 0.017920 seconds 
========================================================================
Received Import Request.
  Time since last request: 0.000029 seconds.
  path: Assets/Parts-NonPF/Wheel.blend
  artifactKey: Guid(b4467d285ae06944eb792758cc31cc85) Importer(815301076,1909f56bfc062723c751e8b465ee728b)
Start importing Assets/Parts-NonPF/Wheel.blend using Guid(b4467d285ae06944eb792758cc31cc85) Importer(815301076,1909f56bfc062723c751e8b465ee728b)  -> (artifact id: '465e61922d57a5977d2742689e3c3c6f') in 0.081782 seconds 
========================================================================
Received Import Request.
  Time since last request: 0.000035 seconds.
  path: Assets/Parts-NonPF/Grabber Mk II.blend
  artifactKey: Guid(3ff595f998600374cba9d28f1bc6d883) Importer(815301076,1909f56bfc062723c751e8b465ee728b)
Start importing Assets/Parts-NonPF/Grabber Mk II.blend using Guid(3ff595f998600374cba9d28f1bc6d883) Importer(815301076,1909f56bfc062723c751e8b465ee728b)  -> (artifact id: 'ac1324a0eece61772c202b963ada95a6') in 0.118270 seconds 
========================================================================
Received Import Request.
  Time since last request: 0.000051 seconds.
  path: Assets/Parts-NonPF/Cube Variant.prefab
  artifactKey: Guid(8caeaceb11c8f574ca87fbb5a891b4cb) Importer(815301076,1909f56bfc062723c751e8b465ee728b)
Start importing Assets/Parts-NonPF/Cube Variant.prefab using Guid(8caeaceb11c8f574ca87fbb5a891b4cb) Importer(815301076,1909f56bfc062723c751e8b465ee728b)  -> (artifact id: 'ed21dcc4579b95df2d4bb673b3d77a88') in 0.020684 seconds 
========================================================================
Received Import Request.
  Time since last request: 5.987438 seconds.
  path: Assets/Cube.prefab
  artifactKey: Guid(ea6b4af9af36b4145b7facc8e2a48f99) Importer(815301076,1909f56bfc062723c751e8b465ee728b)
Start importing Assets/Cube.prefab using Guid(ea6b4af9af36b4145b7facc8e2a48f99) Importer(815301076,1909f56bfc062723c751e8b465ee728b)  -> (artifact id: 'c570f4a2f8db0d015a4689346b5e52a3') in 0.021039 seconds 
========================================================================
Received Import Request.
  Time since last request: 9.491659 seconds.
  path: Assets/New Prefab.prefab
  artifactKey: Guid(65cfe1df53ff7be418d9178008e69e68) Importer(815301076,1909f56bfc062723c751e8b465ee728b)
Start importing Assets/New Prefab.prefab using Guid(65cfe1df53ff7be418d9178008e69e68) Importer(815301076,1909f56bfc062723c751e8b465ee728b)  -> (artifact id: '9557a45233d655fb5c2de37ddda56cff') in 0.018678 seconds 
========================================================================
Received Import Request.
  Time since last request: 8.693707 seconds.
  path: Assets/Robot.prefab
  artifactKey: Guid(fca2141f35dd99049852fecd8b876f99) Importer(815301076,1909f56bfc062723c751e8b465ee728b)
Start importing Assets/Robot.prefab using Guid(fca2141f35dd99049852fecd8b876f99) Importer(815301076,1909f56bfc062723c751e8b465ee728b)  -> (artifact id: 'ffe3489ba4f1c8a91f296c174c214120') in 0.019761 seconds 
========================================================================
Received Import Request.
  Time since last request: 6.681264 seconds.
  path: Assets/Robot.prefab
  artifactKey: Guid(fca2141f35dd99049852fecd8b876f99) Importer(815301076,1909f56bfc062723c751e8b465ee728b)
Start importing Assets/Robot.prefab using Guid(fca2141f35dd99049852fecd8b876f99) Importer(815301076,1909f56bfc062723c751e8b465ee728b)  -> (artifact id: 'a5ad7ffe3dd339c7f979e703d0c90409') in 0.021105 seconds 
========================================================================
Received Import Request.
  Time since last request: 15.692551 seconds.
  path: Assets/Wheel.prefab
  artifactKey: Guid(7b6b0304ec7816243b70ccc68d0d311c) Importer(815301076,1909f56bfc062723c751e8b465ee728b)
Start importing Assets/Wheel.prefab using Guid(7b6b0304ec7816243b70ccc68d0d311c) Importer(815301076,1909f56bfc062723c751e8b465ee728b)  -> (artifact id: '64bd9abec5598ad0a502828c84554ff0') in 0.011534 seconds 
========================================================================
Received Import Request.
  Time since last request: 0.047576 seconds.
  path: Assets/Parts-NonPF/Cone - Copy.fbx
  artifactKey: Guid(2ff3357f4f5e65f4b8fd6938f4724edc) Importer(815301076,1909f56bfc062723c751e8b465ee728b)
Start importing Assets/Parts-NonPF/Cone - Copy.fbx using Guid(2ff3357f4f5e65f4b8fd6938f4724edc) Importer(815301076,1909f56bfc062723c751e8b465ee728b)  -> (artifact id: 'ff956b38db7b86d5ae4ee31b2bf68f9f') in 0.014954 seconds 
========================================================================
Received Import Request.
  Time since last request: 0.000026 seconds.
  path: Assets/Parts-NonPF/Cube Variant - Copy.prefab
  artifactKey: Guid(550efcabbccbdbf40a1e87028a3a067c) Importer(815301076,1909f56bfc062723c751e8b465ee728b)
Start importing Assets/Parts-NonPF/Cube Variant - Copy.prefab using Guid(550efcabbccbdbf40a1e87028a3a067c) Importer(815301076,1909f56bfc062723c751e8b465ee728b)  -> (artifact id: 'a01ba5b3a93d27b49e577f5c3dbe90bf') in 0.019497 seconds 
========================================================================
Received Import Request.
  Time since last request: 0.000027 seconds.
  path: Assets/Parts-NonPF/Cube Variant.prefab
  artifactKey: Guid(8caeaceb11c8f574ca87fbb5a891b4cb) Importer(815301076,1909f56bfc062723c751e8b465ee728b)
Start importing Assets/Parts-NonPF/Cube Variant.prefab using Guid(8caeaceb11c8f574ca87fbb5a891b4cb) Importer(815301076,1909f56bfc062723c751e8b465ee728b)  -> (artifact id: 'f25c3f59dafcc81f499f7e2df7249a30') in 0.016524 seconds 
========================================================================
Received Import Request.
  Time since last request: 14.706484 seconds.
  path: Assets/Robot.prefab
  artifactKey: Guid(fca2141f35dd99049852fecd8b876f99) Importer(815301076,1909f56bfc062723c751e8b465ee728b)
Start importing Assets/Robot.prefab using Guid(fca2141f35dd99049852fecd8b876f99) Importer(815301076,1909f56bfc062723c751e8b465ee728b)  -> (artifact id: '7b808d1d8ed955513c763c6e5a155257') in 0.024688 seconds 
========================================================================
Received Import Request.
  Time since last request: 9.088776 seconds.
  path: Assets/Parts-NonPF/Grabber Mk II - Copy.blend
  artifactKey: Guid(028fd5f9aacf616498cfb70419a425ef) Importer(815301076,1909f56bfc062723c751e8b465ee728b)
Start importing Assets/Parts-NonPF/Grabber Mk II - Copy.blend using Guid(028fd5f9aacf616498cfb70419a425ef) Importer(815301076,1909f56bfc062723c751e8b465ee728b)  -> (artifact id: '18e410e4f136f758712751d8c026cd9b') in 0.035637 seconds 
